This file contains any messages produced by compilers while
running configure, to aid debugging if configure makes a mistake.

It was created by GRUB configure 0.97, which was
generated by GNU Autoconf 2.59.  Invocation command line was

  $ ./configure 

## --------- ##
## Platform. ##
## --------- ##

hostname = minus-pc
uname -m = x86_64
uname -r = 4.19.79-1-MANJARO
uname -s = Linux
uname -v = #1 SMP PREEMPT Fri Oct 11 19:57:09 UTC 2019

/usr/bin/uname -p = unknown
/bin/uname -X     = unknown

/bin/arch              = unknown
/usr/bin/arch -k       = unknown
/usr/convex/getsysinfo = unknown
hostinfo               = unknown
/bin/machine           = unknown
/usr/bin/oslevel       = unknown
/bin/universe          = unknown

PATH: /home/minus/.local/bin
PATH: /usr/local/bin
PATH: /usr/bin
PATH: /bin
PATH: /usr/local/sbin
PATH: /usr/lib/jvm/default/bin
PATH: /usr/bin/site_perl
PATH: /usr/bin/vendor_perl
PATH: /usr/bin/core_perl


## ----------- ##
## Core tests. ##
## ----------- ##

configure:1432: checking for a BSD-compatible install
configure:1487: result: /usr/bin/install -c
configure:1498: checking whether build environment is sane
configure:1541: result: yes
configure:1606: checking for gawk
configure:1622: found /usr/bin/gawk
configure:1632: result: gawk
configure:1642: checking whether make sets $(MAKE)
configure:1662: result: yes
configure:1837: checking build system type
configure:1855: result: x86_64-unknown-linux-gnu
configure:1863: checking host system type
configure:1877: result: x86_64-unknown-linux-gnu
configure:1901: checking whether to enable maintainer-specific portions of Makefiles
configure:1910: result: no
configure:2026: checking for gcc
configure:2042: found /usr/bin/gcc
configure:2052: result: gcc
configure:2110: checking for gcc
configure:2136: result: gcc
configure:2380: checking for C compiler version
configure:2383: gcc --version </dev/null >&5
gcc (GCC) 9.2.0
Copyright (C) 2019 Free Software Foundation, Inc.
This is free software; see the source for copying conditions.  There is NO
warranty; not even for MERCHANTABILITY or FITNESS FOR A PARTICULAR PURPOSE.

configure:2386: $? = 0
configure:2388: gcc -v </dev/null >&5
Using built-in specs.
COLLECT_GCC=gcc
COLLECT_LTO_WRAPPER=/usr/lib/gcc/x86_64-pc-linux-gnu/9.2.0/lto-wrapper
Target: x86_64-pc-linux-gnu
Configured with: /build/gcc/src/gcc/configure --prefix=/usr --libdir=/usr/lib --libexecdir=/usr/lib --mandir=/usr/share/man --infodir=/usr/share/info --with-bugurl=https://bugs.archlinux.org/ --enable-languages=c,c++,ada,fortran,go,lto,objc,obj-c++ --enable-shared --enable-threads=posix --with-system-zlib --with-isl --enable-__cxa_atexit --disable-libunwind-exceptions --enable-clocale=gnu --disable-libstdcxx-pch --disable-libssp --enable-gnu-unique-object --enable-linker-build-id --enable-lto --enable-plugin --enable-install-libiberty --with-linker-hash-style=gnu --enable-gnu-indirect-function --enable-multilib --disable-werror --enable-checking=release --enable-default-pie --enable-default-ssp --enable-cet=auto
Thread model: posix
gcc version 9.2.0 (GCC) 
configure:2391: $? = 0
configure:2393: gcc -V </dev/null >&5
gcc: error: unrecognized command line option '-V'
gcc: fatal error: no input files
compilation terminated.
configure:2396: $? = 1
configure:2419: checking for C compiler default output file name
configure:2422: gcc -m32    conftest.c  >&5
configure:2425: $? = 0
configure:2471: result: a.out
configure:2476: checking whether the C compiler works
configure:2482: ./a.out
configure:2485: $? = 0
configure:2502: result: yes
configure:2509: checking whether we are cross compiling
configure:2511: result: no
configure:2514: checking for suffix of executables
configure:2516: gcc -o conftest -m32    conftest.c  >&5
configure:2519: $? = 0
configure:2544: result: 
configure:2550: checking for suffix of object files
configure:2571: gcc -c -m32   conftest.c >&5
configure:2574: $? = 0
configure:2596: result: o
configure:2600: checking whether we are using the GNU C compiler
configure:2624: gcc -c -m32   conftest.c >&5
configure:2630: $? = 0
configure:2634: test -z 
			 || test ! -s conftest.err
configure:2637: $? = 0
configure:2640: test -s conftest.o
configure:2643: $? = 0
configure:2656: result: yes
configure:2662: checking whether gcc accepts -g
configure:2683: gcc -c -g  conftest.c >&5
configure:2689: $? = 0
configure:2693: test -z 
			 || test ! -s conftest.err
configure:2696: $? = 0
configure:2699: test -s conftest.o
configure:2702: $? = 0
configure:2713: result: yes
configure:2730: checking for gcc option to accept ANSI C
configure:2800: gcc  -c -m32   conftest.c >&5
configure:2806: $? = 0
configure:2810: test -z 
			 || test ! -s conftest.err
configure:2813: $? = 0
configure:2816: test -s conftest.o
configure:2819: $? = 0
configure:2837: result: none needed
configure:2855: gcc -c -m32   conftest.c >&5
conftest.c:2:3: error: unknown type name 'choke'
    2 |   choke me
      |   ^~~~~
conftest.c:2:3: error: expected '=', ',', ';', 'asm' or '__attribute__' at end of input
configure:2861: $? = 1
configure: failed program was:
| #ifndef __cplusplus
|   choke me
| #endif
configure:3005: checking for style of include used by make
configure:3033: result: GNU
configure:3061: checking dependency style of gcc
configure:3151: result: gcc3
configure:3172: checking dependency style of gcc
configure:3262: result: gcc3
configure:3374: checking for ranlib
configure:3390: found /usr/bin/ranlib
configure:3401: result: ranlib
configure:3427: checking whether optimization for size works
configure:3451: gcc -c -Os -g  conftest.c >&5
configure:3457: $? = 0
configure:3461: test -z 
			 || test ! -s conftest.err
configure:3464: $? = 0
configure:3467: test -s conftest.o
configure:3470: $? = 0
configure:3483: result: yes
configure:3492: checking whether gcc has -fno-stack-protector
configure:3516: gcc -c -fno-stack-protector  conftest.c >&5
configure:3522: $? = 0
configure:3526: test -z 
			 || test ! -s conftest.err
configure:3529: $? = 0
configure:3532: test -s conftest.o
configure:3535: $? = 0
configure:3548: result: yes
configure:3564: checking whether -Wundef works
configure:3588: gcc -c -m32 -g -Wundef conftest.c >&5
configure:3594: $? = 0
configure:3598: test -z 
			 || test ! -s conftest.err
configure:3601: $? = 0
configure:3604: test -s conftest.o
configure:3607: $? = 0
configure:3620: result: yes
configure:3625: checking whether -falign-loops works
configure:3649: gcc -c -m32 -g -falign-loops=1 conftest.c >&5
configure:3655: $? = 0
configure:3659: test -z 
			 || test ! -s conftest.err
configure:3662: $? = 0
configure:3665: test -s conftest.o
configure:3668: $? = 0
configure:3681: result: yes
configure:3778: checking for objcopy
configure:3794: found /usr/bin/objcopy
configure:3804: result: objcopy
configure:3820: checking if C symbols get an underscore after compilation
configure:3835: gcc -m32 -g -S conftest.c
configure:3838: $? = 0
configure:3865: result: no
configure:3868: checking whether objcopy works for absolute addresses
configure:3881: gcc -c -m32 -g  -Wall -Wmissing-prototypes -Wunused -Wshadow -Wpointer-arith -falign-jumps=1 -falign-loops=1 -falign-functions=1 -Wundef conftest.c >&5
conftest.c:2:1: warning: no previous prototype for 'cmain' [-Wmissing-prototypes]
    2 | cmain (void)
      | ^~~~~
configure:3884: $? = 0
configure:3894: gcc -m32 -g -nostdlib -Wl,-N -Wl,-Ttext -Wl,2000 conftest.o -o conftest.exec
/usr/bin/ld: warning: cannot find entry symbol _start; defaulting to 0000000000002000
configure:3897: $? = 0
configure:3905: objcopy -O binary conftest.exec conftest
configure:3908: $? = 0
configure:3894: gcc -m32 -g -nostdlib -Wl,-N -Wl,-Ttext -Wl,8000 conftest.o -o conftest.exec
/usr/bin/ld: warning: cannot find entry symbol _start; defaulting to 0000000000008000
configure:3897: $? = 0
configure:3905: objcopy -O binary conftest.exec conftest
configure:3908: $? = 0
configure:3916: cmp -s conftest.old conftest
configure:3919: $? = 1
configure:3930: result: no
configure:3933: error: GRUB requires a working absolute objcopy; upgrade your binutils

## ---------------- ##
## Cache variables. ##
## ---------------- ##

ac_cv_build=x86_64-unknown-linux-gnu
ac_cv_build_alias=x86_64-unknown-linux-gnu
ac_cv_c_compiler_gnu=yes
ac_cv_env_CC_set=
ac_cv_env_CC_value=
ac_cv_env_CFLAGS_set=
ac_cv_env_CFLAGS_value=
ac_cv_env_CPPFLAGS_set=
ac_cv_env_CPPFLAGS_value=
ac_cv_env_CPP_set=
ac_cv_env_CPP_value=
ac_cv_env_LDFLAGS_set=
ac_cv_env_LDFLAGS_value=
ac_cv_env_build_alias_set=
ac_cv_env_build_alias_value=
ac_cv_env_host_alias_set=
ac_cv_env_host_alias_value=
ac_cv_env_target_alias_set=
ac_cv_env_target_alias_value=
ac_cv_exeext=
ac_cv_host=x86_64-unknown-linux-gnu
ac_cv_host_alias=x86_64-unknown-linux-gnu
ac_cv_objext=o
ac_cv_path_install='/usr/bin/install -c'
ac_cv_prog_AWK=gawk
ac_cv_prog_ac_ct_CC=gcc
ac_cv_prog_ac_ct_OBJCOPY=objcopy
ac_cv_prog_ac_ct_RANLIB=ranlib
ac_cv_prog_cc_g=yes
ac_cv_prog_cc_stdc=
ac_cv_prog_make_make_set=yes
am_cv_CC_dependencies_compiler_type=gcc3
grub_cv_asm_uscore=no
grub_cv_prog_objcopy_absolute=no

## ----------------- ##
## Output variables. ##
## ----------------- ##

ACLOCAL='${SHELL} /home/minus/Desktop/Programming/LittleOsBook/grub/grub-0.97/missing --run aclocal-1.9'
AMDEPBACKSLASH='\'
AMDEP_FALSE='#'
AMDEP_TRUE=''
AMTAR='${SHELL} /home/minus/Desktop/Programming/LittleOsBook/grub/grub-0.97/missing --run tar'
AUTOCONF='${SHELL} /home/minus/Desktop/Programming/LittleOsBook/grub/grub-0.97/missing --run autoconf'
AUTOHEADER='${SHELL} /home/minus/Desktop/Programming/LittleOsBook/grub/grub-0.97/missing --run autoheader'
AUTOMAKE='${SHELL} /home/minus/Desktop/Programming/LittleOsBook/grub/grub-0.97/missing --run automake-1.9'
AWK='gawk'
BUILD_EXAMPLE_KERNEL_FALSE=''
BUILD_EXAMPLE_KERNEL_TRUE=''
CC='gcc'
CCAS='gcc'
CCASFLAGS=''
CCDEPMODE='depmode=gcc3'
CFLAGS='-m32 -g'
CPP=''
CPPFLAGS=' -Wall -Wmissing-prototypes -Wunused -Wshadow -Wpointer-arith -falign-jumps=1 -falign-loops=1 -falign-functions=1 -Wundef'
CYGPATH_W='echo'
DEFS=''
DEPDIR='.deps'
DISKLESS_SUPPORT_FALSE=''
DISKLESS_SUPPORT_TRUE=''
ECHO_C=''
ECHO_N='-n'
ECHO_T=''
EGREP=''
EXEEXT=''
FSYS_CFLAGS=''
GRUB_CFLAGS='-O2'
GRUB_LIBS=''
HERCULES_SUPPORT_FALSE=''
HERCULES_SUPPORT_TRUE=''
INSTALL_DATA='${INSTALL} -m 644'
INSTALL_PROGRAM='${INSTALL}'
INSTALL_SCRIPT='${INSTALL}'
INSTALL_STRIP_PROGRAM='${SHELL} $(install_sh) -c -s'
LDFLAGS=''
LIBOBJS=''
LIBS=''
LTLIBOBJS=''
MAINT='#'
MAINTAINER_MODE_FALSE=''
MAINTAINER_MODE_TRUE='#'
MAKEINFO='${SHELL} /home/minus/Desktop/Programming/LittleOsBook/grub/grub-0.97/missing --run makeinfo'
NETBOOT_DRIVERS=''
NETBOOT_SUPPORT_FALSE=''
NETBOOT_SUPPORT_TRUE=''
NET_CFLAGS=''
NET_EXTRAFLAGS=''
OBJCOPY='objcopy'
OBJEXT='o'
PACKAGE='grub'
PACKAGE_BUGREPORT='bug-grub@gnu.org'
PACKAGE_NAME='GRUB'
PACKAGE_STRING='GRUB 0.97'
PACKAGE_TARNAME='grub'
PACKAGE_VERSION='0.97'
PATH_SEPARATOR=':'
PERL=''
RANLIB='ranlib'
SERIAL_SPEED_SIMULATION_FALSE=''
SERIAL_SPEED_SIMULATION_TRUE=''
SERIAL_SUPPORT_FALSE=''
SERIAL_SUPPORT_TRUE=''
SET_MAKE=''
SHELL='/bin/sh'
STAGE1_CFLAGS='-O2'
STAGE2_CFLAGS='-Os -fno-stack-protector'
STRIP=''
VERSION='0.97'
ac_ct_CC='gcc'
ac_ct_OBJCOPY='objcopy'
ac_ct_RANLIB='ranlib'
ac_ct_STRIP=''
am__fastdepCC_FALSE='#'
am__fastdepCC_TRUE=''
am__include='include'
am__leading_dot='.'
am__quote=''
am__tar='${AMTAR} chof - "$$tardir"'
am__untar='${AMTAR} xf -'
bindir='${exec_prefix}/bin'
build='x86_64-unknown-linux-gnu'
build_alias=''
build_cpu='x86_64'
build_os='linux-gnu'
build_vendor='unknown'
datadir='${prefix}/share'
exec_prefix='NONE'
host='x86_64-unknown-linux-gnu'
host_alias=''
host_cpu='x86_64'
host_os='linux-gnu'
host_vendor='unknown'
includedir='${prefix}/include'
infodir='${prefix}/info'
install_sh='/home/minus/Desktop/Programming/LittleOsBook/grub/grub-0.97/install-sh'
libdir='${exec_prefix}/lib'
libexecdir='${exec_prefix}/libexec'
localstatedir='${prefix}/var'
mandir='${prefix}/man'
mkdir_p='mkdir -p --'
oldincludedir='/usr/include'
prefix='NONE'
program_transform_name='s,x,x,'
sbindir='${exec_prefix}/sbin'
sharedstatedir='${prefix}/com'
sysconfdir='${prefix}/etc'
target_alias=''

## ----------- ##
## confdefs.h. ##
## ----------- ##

#define PACKAGE "grub"
#define PACKAGE_BUGREPORT "bug-grub@gnu.org"
#define PACKAGE_NAME "GRUB"
#define PACKAGE_STRING "GRUB 0.97"
#define PACKAGE_TARNAME "grub"
#define PACKAGE_VERSION "0.97"
#define VERSION "0.97"

configure: exit 1
